<?xml version="1.0" encoding="UTF-8"?>
<testng-results skipped="0" failed="0" ignored="0" total="3" passed="3">
  <reporter-output>
  </reporter-output>
  <suite name="Default suite" duration-ms="32" started-at="2018-02-06T00:43:13Z" finished-at="2018-02-06T00:43:13Z">
    <groups>
    </groups>
    <test name="Default test" duration-ms="32" started-at="2018-02-06T00:43:13Z" finished-at="2018-02-06T00:43:13Z">
      <class name="selenium_tests.MortgageDataTest">
        <test-method status="PASS" signature="test1()[pri:0, instance:selenium_tests.MortgageDataTest@5dfcfece]" name="test1" duration-ms="7" started-at="2018-02-05T19:43:13Z" finished-at="2018-02-05T19:43:13Z">
          <reporter-output>
          </reporter-output>
        </test-method> <!-- test1 -->
        <test-method status="PASS" signature="test2()[pri:0, instance:selenium_tests.MortgageDataTest@5dfcfece]" name="test2" duration-ms="1" started-at="2018-02-05T19:43:13Z" finished-at="2018-02-05T19:43:13Z">
          <reporter-output>
          </reporter-output>
        </test-method> <!-- test2 -->
        <test-method status="PASS" signature="test3()[pri:0, instance:selenium_tests.MortgageDataTest@5dfcfece]" name="test3" duration-ms="1" started-at="2018-02-05T19:43:13Z" finished-at="2018-02-05T19:43:13Z">
          <reporter-output>
          </reporter-output>
        </test-method> <!-- test3 -->
      </class> <!-- selenium_tests.MortgageDataTest -->
    </test> <!-- Default test -->
  </suite> <!-- Default suite -->
</testng-results>
